{"/mnt/c/Users/Мой компьютер/Desktop/Hexlet/project46/frontend-project-46/src/index.js": {"path":"/mnt/c/Users/Мой компьютер/Desktop/Hexlet/project46/frontend-project-46/src/index.js","statementMap":{"0":{"start":{"line":3,"column":25},"end":{"line":20,"column":1}},"1":{"start":{"line":4,"column":25},"end":{"line":4,"column":30}},"2":{"start":{"line":5,"column":16},"end":{"line":5,"column":34}},"3":{"start":{"line":6,"column":16},"end":{"line":6,"column":34}},"4":{"start":{"line":7,"column":19},"end":{"line":7,"column":40}},"5":{"start":{"line":8,"column":21},"end":{"line":8,"column":39}},"6":{"start":{"line":9,"column":14},"end":{"line":9,"column":16}},"7":{"start":{"line":10,"column":2},"end":{"line":18,"column":3}},"8":{"start":{"line":11,"column":4},"end":{"line":17,"column":48}},"9":{"start":{"line":12,"column":6},"end":{"line":12,"column":43}},"10":{"start":{"line":13,"column":11},"end":{"line":17,"column":48}},"11":{"start":{"line":14,"column":6},"end":{"line":14,"column":43}},"12":{"start":{"line":15,"column":11},"end":{"line":17,"column":48}},"13":{"start":{"line":16,"column":6},"end":{"line":16,"column":69}},"14":{"start":{"line":17,"column":11},"end":{"line":17,"column":48}},"15":{"start":{"line":19,"column":2},"end":{"line":19,"column":35}}},"fnMap":{"0":{"name":"(anonymous_0)","decl":{"start":{"line":3,"column":25},"end":{"line":3,"column":26}},"loc":{"start":{"line":3,"column":36},"end":{"line":20,"column":1}},"line":3}},"branchMap":{"0":{"loc":{"start":{"line":11,"column":4},"end":{"line":17,"column":48}},"type":"if","locations":[{"start":{"line":11,"column":4},"end":{"line":17,"column":48}},{"start":{"line":13,"column":11},"end":{"line":17,"column":48}}],"line":11},"1":{"loc":{"start":{"line":13,"column":11},"end":{"line":17,"column":48}},"type":"if","locations":[{"start":{"line":13,"column":11},"end":{"line":17,"column":48}},{"start":{"line":15,"column":11},"end":{"line":17,"column":48}}],"line":13},"2":{"loc":{"start":{"line":15,"column":11},"end":{"line":17,"column":48}},"type":"if","locations":[{"start":{"line":15,"column":11},"end":{"line":17,"column":48}},{"start":{"line":17,"column":11},"end":{"line":17,"column":48}}],"line":15}},"s":{"0":1,"1":1,"2":1,"3":1,"4":1,"5":1,"6":1,"7":1,"8":5,"9":1,"10":4,"11":2,"12":2,"13":1,"14":1,"15":1},"f":{"0":1},"b":{"0":[1,4],"1":[2,2],"2":[1,1]},"_coverageSchema":"1a1c01bbd47fc00a2c39e90264f33305004495a9","hash":"0bbf66954237b41d4bc8bd2e88f52b7802ab2b82"}
,"/mnt/c/Users/Мой компьютер/Desktop/Hexlet/project46/frontend-project-46/src/path.js": {"path":"/mnt/c/Users/Мой компьютер/Desktop/Hexlet/project46/frontend-project-46/src/path.js","statementMap":{"0":{"start":{"line":7,"column":19},"end":{"line":7,"column":49}},"1":{"start":{"line":8,"column":18},"end":{"line":8,"column":37}},"2":{"start":{"line":10,"column":31},"end":{"line":10,"column":97}},"3":{"start":{"line":10,"column":45},"end":{"line":10,"column":97}},"4":{"start":{"line":13,"column":15},"end":{"line":13,"column":37}},"5":{"start":{"line":14,"column":21},"end":{"line":18,"column":4}},"6":{"start":{"line":15,"column":21},"end":{"line":15,"column":46}},"7":{"start":{"line":16,"column":20},"end":{"line":16,"column":54}},"8":{"start":{"line":17,"column":4},"end":{"line":17,"column":31}},"9":{"start":{"line":19,"column":2},"end":{"line":19,"column":31}}},"fnMap":{"0":{"name":"(anonymous_0)","decl":{"start":{"line":10,"column":31},"end":{"line":10,"column":32}},"loc":{"start":{"line":10,"column":45},"end":{"line":10,"column":97}},"line":10},"1":{"name":"(anonymous_1)","decl":{"start":{"line":12,"column":15},"end":{"line":12,"column":16}},"loc":{"start":{"line":12,"column":41},"end":{"line":20,"column":1}},"line":12},"2":{"name":"(anonymous_2)","decl":{"start":{"line":14,"column":30},"end":{"line":14,"column":31}},"loc":{"start":{"line":14,"column":44},"end":{"line":18,"column":3}},"line":14}},"branchMap":{},"s":{"0":1,"1":1,"2":1,"3":3,"4":1,"5":1,"6":2,"7":2,"8":2,"9":1},"f":{"0":3,"1":1,"2":2},"b":{},"_coverageSchema":"1a1c01bbd47fc00a2c39e90264f33305004495a9","hash":"c762cf3285fc4415c1270d56f5b5938256589ea6"}
}
