TN:
SF:src/index.js
FN:3,(anonymous_0)
FNF:1
FNH:1
FNDA:1,(anonymous_0)
DA:3,1
DA:4,1
DA:5,1
DA:6,1
DA:7,1
DA:8,1
DA:9,1
DA:10,1
DA:11,5
DA:12,1
DA:13,4
DA:14,2
DA:15,2
DA:16,1
DA:17,1
DA:19,1
LF:16
LH:16
BRDA:11,0,0,1
BRDA:11,0,1,4
BRDA:13,1,0,2
BRDA:13,1,1,2
BRDA:15,2,0,1
BRDA:15,2,1,1
BRF:6
BRH:6
end_of_record
TN:
SF:src/path.js
FN:10,(anonymous_0)
FN:12,(anonymous_1)
FN:14,(anonymous_2)
FNF:3
FNH:3
FNDA:3,(anonymous_0)
FNDA:1,(anonymous_1)
FNDA:2,(anonymous_2)
DA:7,1
DA:8,1
DA:10,3
DA:13,1
DA:14,1
DA:15,2
DA:16,2
DA:17,2
DA:19,1
LF:9
LH:9
BRF:0
BRH:0
end_of_record
